==2030693== Memcheck, a memory error detector
==2030693== Copyright (C) 2002-2017, and GNU GPL'd, by Julian Seward et al.
==2030693== Using Valgrind-3.18.1 and LibVEX; rerun with -h for copyright info
==2030693== Command: DataGen/out/main
==2030693== Parent PID: 1997415
==2030693== 
==2030693== Warning: set address range perms: large range [0x59c87040, 0x159c87040) (undefined)
==2030693== Warning: set address range perms: large range [0x59c87028, 0x159c87058) (noaccess)
==2030693== Invalid write of size 8
==2030693==    at 0x13D67B: operator= (image.h:33)
==2030693==    by 0x13D67B: _dds::LoadDXT5::decode(int, int, unsigned char const*) (imagedds.cpp:277)
==2030693==    by 0x13DE50: ImageBase<Color::ColorType<unsigned int, 8, 16, 8, 8, 8, 0, 8, 24> > _dds::LoadProxy<_dds::LoadDXT5>(File, _dds::DDS_HEADER const&) (imagedds.cpp:483)
==2030693==    by 0x13C8AD: ImagePrivate::imReadDDS(ImageBase<Color::ColorType<unsigned int, 8, 16, 8, 8, 8, 0, 8, 24> >&, File&) (imagedds.cpp:521)
==2030693==    by 0x137EAF: ImagePrivate::imRead(File, ImageFormat::Type) (image.cpp:92)
==2030693==    by 0x1B40B9: ImageBase (image.h:615)
==2030693==    by 0x1B40B9: write_images(std::set<istring, std::less<istring>, std::allocator<istring> > const&, CompositeLoader&, bool) (main.cpp:96)
==2030693==    by 0x1B86CA: BuildData::write_data(bool, bool) (main.cpp:169)
==2030693==    by 0x116816: main (main.cpp:326)
==2030693==  Address 0x8207274 is 0 bytes after a block of size 676 alloc'd
==2030693==    at 0x484A2F3: operator new[](unsigned long) (in /usr/libexec/valgrind/vgpreload_memcheck-amd64-linux.so)
==2030693==    by 0x13D2A1: Data (image.h:514)
==2030693==    by 0x13D2A1: construct<ImageBase<Color::ColorType<unsigned int, 8, 16, 8, 8, 8, 0, 8, 24> >::Data, int&, int&> (new_allocator.h:162)
==2030693==    by 0x13D2A1: construct<ImageBase<Color::ColorType<unsigned int, 8, 16, 8, 8, 8, 0, 8, 24> >::Data, int&, int&> (alloc_traits.h:516)
==2030693==    by 0x13D2A1: _Sp_counted_ptr_inplace<int&, int&> (shared_ptr_base.h:519)
==2030693==    by 0x13D2A1: __shared_count<ImageBase<Color::ColorType<unsigned int, 8, 16, 8, 8, 8, 0, 8, 24> >::Data, std::allocator<ImageBase<Color::ColorType<unsigned int, 8, 16, 8, 8, 8, 0, 8, 24> >::Data>, int&, int&> (shared_ptr_base.h:650)
==2030693==    by 0x13D2A1: __shared_ptr<std::allocator<ImageBase<Color::ColorType<unsigned int, 8, 16, 8, 8, 8, 0, 8, 24> >::Data>, int&, int&> (shared_ptr_base.h:1342)
==2030693==    by 0x13D2A1: shared_ptr<std::allocator<ImageBase<Color::ColorType<unsigned int, 8, 16, 8, 8, 8, 0, 8, 24> >::Data>, int&, int&> (shared_ptr.h:409)
==2030693==    by 0x13D2A1: allocate_shared<ImageBase<Color::ColorType<unsigned int, 8, 16, 8, 8, 8, 0, 8, 24> >::Data, std::allocator<ImageBase<Color::ColorType<unsigned int, 8, 16, 8, 8, 8, 0, 8, 24> >::Data>, int&, int&> (shared_ptr.h:863)
==2030693==    by 0x13D2A1: make_shared<ImageBase<Color::ColorType<unsigned int, 8, 16, 8, 8, 8, 0, 8, 24> >::Data, int&, int&> (shared_ptr.h:879)
==2030693==    by 0x13D2A1: ImageBase (image.h:405)
==2030693==    by 0x13D2A1: _dds::LoadDXT5::decode(int, int, unsigned char const*) (imagedds.cpp:240)
==2030693==    by 0x13DE50: ImageBase<Color::ColorType<unsigned int, 8, 16, 8, 8, 8, 0, 8, 24> > _dds::LoadProxy<_dds::LoadDXT5>(File, _dds::DDS_HEADER const&) (imagedds.cpp:483)
==2030693==    by 0x13C8AD: ImagePrivate::imReadDDS(ImageBase<Color::ColorType<unsigned int, 8, 16, 8, 8, 8, 0, 8, 24> >&, File&) (imagedds.cpp:521)
==2030693==    by 0x137EAF: ImagePrivate::imRead(File, ImageFormat::Type) (image.cpp:92)
==2030693==    by 0x1B40B9: ImageBase (image.h:615)
==2030693==    by 0x1B40B9: write_images(std::set<istring, std::less<istring>, std::allocator<istring> > const&, CompositeLoader&, bool) (main.cpp:96)
==2030693==    by 0x1B86CA: BuildData::write_data(bool, bool) (main.cpp:169)
==2030693==    by 0x116816: main (main.cpp:326)
==2030693== 
==2030693== Invalid write of size 8
==2030693==    at 0x13D778: operator= (image.h:33)
==2030693==    by 0x13D778: _dds::LoadDXT5::decode(int, int, unsigned char const*) (imagedds.cpp:277)
==2030693==    by 0x13DE50: ImageBase<Color::ColorType<unsigned int, 8, 16, 8, 8, 8, 0, 8, 24> > _dds::LoadProxy<_dds::LoadDXT5>(File, _dds::DDS_HEADER const&) (imagedds.cpp:483)
==2030693==    by 0x13C8AD: ImagePrivate::imReadDDS(ImageBase<Color::ColorType<unsigned int, 8, 16, 8, 8, 8, 0, 8, 24> >&, File&) (imagedds.cpp:521)
==2030693==    by 0x137EAF: ImagePrivate::imRead(File, ImageFormat::Type) (image.cpp:92)
==2030693==    by 0x1B40B9: ImageBase (image.h:615)
==2030693==    by 0x1B40B9: write_images(std::set<istring, std::less<istring>, std::allocator<istring> > const&, CompositeLoader&, bool) (main.cpp:96)
==2030693==    by 0x1B86CA: BuildData::write_data(bool, bool) (main.cpp:169)
==2030693==    by 0x116816: main (main.cpp:326)
==2030693==  Address 0x82072a8 is 24 bytes before a block of size 80 alloc'd
==2030693==    at 0x4849013: operator new(unsigned long) (in /usr/libexec/valgrind/vgpreload_memcheck-amd64-linux.so)
==2030693==    by 0x18B9AC: allocate (new_allocator.h:127)
==2030693==    by 0x18B9AC: allocate (alloc_traits.h:464)
==2030693==    by 0x18B9AC: _M_get_node (stl_tree.h:561)
==2030693==    by 0x18B9AC: _M_create_node<const std::piecewise_construct_t&, std::tuple<istring&&>, std::tuple<> > (stl_tree.h:611)
==2030693==    by 0x18B9AC: _M_emplace_hint_unique<const std::piecewise_construct_t&, std::tuple<istring&&>, std::tuple<> > (stl_tree.h:2431)
==2030693==    by 0x18B9AC: operator[] (stl_map.h:520)
==2030693==    by 0x18B9AC: CdnLoader::CdnLoader(std::__cxx11::basic_string<char, std::char_traits<char>, std::allocator<char> > const&) (cdnloader.cpp:29)
==2030693==    by 0x1BAE55: construct<CdnLoader, const std::__cxx11::basic_string<char, std::char_traits<char>, std::allocator<char> >&> (new_allocator.h:162)
==2030693==    by 0x1BAE55: construct<CdnLoader, const std::__cxx11::basic_string<char, std::char_traits<char>, std::allocator<char> >&> (alloc_traits.h:516)
==2030693==    by 0x1BAE55: _Sp_counted_ptr_inplace<const std::__cxx11::basic_string<char, std::char_traits<char>, std::allocator<char> >&> (shared_ptr_base.h:519)
==2030693==    by 0x1BAE55: __shared_count<CdnLoader, std::allocator<CdnLoader>, const std::__cxx11::basic_string<char, std::char_traits<char>, std::allocator<char> >&> (shared_ptr_base.h:650)
==2030693==    by 0x1BAE55: __shared_ptr<std::allocator<CdnLoader>, const std::__cxx11::basic_string<char, std::char_traits<char>, std::allocator<char> >&> (shared_ptr_base.h:1342)
==2030693==    by 0x1BAE55: shared_ptr<std::allocator<CdnLoader>, const std::__cxx11::basic_string<char, std::char_traits<char>, std::allocator<char> >&> (shared_ptr.h:409)
==2030693==    by 0x1BAE55: allocate_shared<CdnLoader, std::allocator<CdnLoader>, const std::__cxx11::basic_string<char, std::char_traits<char>, std::allocator<char> >&> (shared_ptr.h:863)
==2030693==    by 0x1BAE55: make_shared<CdnLoader, const std::__cxx11::basic_string<char, std::char_traits<char>, std::allocator<char> >&> (shared_ptr.h:879)
==2030693==    by 0x1BAE55: CdnBuildData::CdnBuildData(std::__cxx11::basic_string<char, std::char_traits<char>, std::allocator<char> > const&) (main.cpp:249)
==2030693==    by 0x116804: main (main.cpp:322)
==2030693== 
==2030693== Invalid write of size 8
==2030693==    at 0x13D5C6: operator= (image.h:33)
==2030693==    by 0x13D5C6: _dds::LoadDXT5::decode(int, int, unsigned char const*) (imagedds.cpp:277)
==2030693==    by 0x13DE50: ImageBase<Color::ColorType<unsigned int, 8, 16, 8, 8, 8, 0, 8, 24> > _dds::LoadProxy<_dds::LoadDXT5>(File, _dds::DDS_HEADER const&) (imagedds.cpp:483)
==2030693==    by 0x13C8AD: ImagePrivate::imReadDDS(ImageBase<Color::ColorType<unsigned int, 8, 16, 8, 8, 8, 0, 8, 24> >&, File&) (imagedds.cpp:521)
==2030693==    by 0x137EAF: ImagePrivate::imRead(File, ImageFormat::Type) (image.cpp:92)
==2030693==    by 0x1B40B9: ImageBase (image.h:615)
==2030693==    by 0x1B40B9: write_images(std::set<istring, std::less<istring>, std::allocator<istring> > const&, CompositeLoader&, bool) (main.cpp:96)
==2030693==    by 0x1B86CA: BuildData::write_data(bool, bool) (main.cpp:169)
==2030693==    by 0x116816: main (main.cpp:326)
==2030693==  Address 0x8207270 is 672 bytes inside a block of size 676 alloc'd
==2030693==    at 0x484A2F3: operator new[](unsigned long) (in /usr/libexec/valgrind/vgpreload_memcheck-amd64-linux.so)
==2030693==    by 0x13D2A1: Data (image.h:514)
==2030693==    by 0x13D2A1: construct<ImageBase<Color::ColorType<unsigned int, 8, 16, 8, 8, 8, 0, 8, 24> >::Data, int&, int&> (new_allocator.h:162)
==2030693==    by 0x13D2A1: construct<ImageBase<Color::ColorType<unsigned int, 8, 16, 8, 8, 8, 0, 8, 24> >::Data, int&, int&> (alloc_traits.h:516)
==2030693==    by 0x13D2A1: _Sp_counted_ptr_inplace<int&, int&> (shared_ptr_base.h:519)
==2030693==    by 0x13D2A1: __shared_count<ImageBase<Color::ColorType<unsigned int, 8, 16, 8, 8, 8, 0, 8, 24> >::Data, std::allocator<ImageBase<Color::ColorType<unsigned int, 8, 16, 8, 8, 8, 0, 8, 24> >::Data>, int&, int&> (shared_ptr_base.h:650)
==2030693==    by 0x13D2A1: __shared_ptr<std::allocator<ImageBase<Color::ColorType<unsigned int, 8, 16, 8, 8, 8, 0, 8, 24> >::Data>, int&, int&> (shared_ptr_base.h:1342)
==2030693==    by 0x13D2A1: shared_ptr<std::allocator<ImageBase<Color::ColorType<unsigned int, 8, 16, 8, 8, 8, 0, 8, 24> >::Data>, int&, int&> (shared_ptr.h:409)
==2030693==    by 0x13D2A1: allocate_shared<ImageBase<Color::ColorType<unsigned int, 8, 16, 8, 8, 8, 0, 8, 24> >::Data, std::allocator<ImageBase<Color::ColorType<unsigned int, 8, 16, 8, 8, 8, 0, 8, 24> >::Data>, int&, int&> (shared_ptr.h:863)
==2030693==    by 0x13D2A1: make_shared<ImageBase<Color::ColorType<unsigned int, 8, 16, 8, 8, 8, 0, 8, 24> >::Data, int&, int&> (shared_ptr.h:879)
==2030693==    by 0x13D2A1: ImageBase (image.h:405)
==2030693==    by 0x13D2A1: _dds::LoadDXT5::decode(int, int, unsigned char const*) (imagedds.cpp:240)
==2030693==    by 0x13DE50: ImageBase<Color::ColorType<unsigned int, 8, 16, 8, 8, 8, 0, 8, 24> > _dds::LoadProxy<_dds::LoadDXT5>(File, _dds::DDS_HEADER const&) (imagedds.cpp:483)
==2030693==    by 0x13C8AD: ImagePrivate::imReadDDS(ImageBase<Color::ColorType<unsigned int, 8, 16, 8, 8, 8, 0, 8, 24> >&, File&) (imagedds.cpp:521)
==2030693==    by 0x137EAF: ImagePrivate::imRead(File, ImageFormat::Type) (image.cpp:92)
==2030693==    by 0x1B40B9: ImageBase (image.h:615)
==2030693==    by 0x1B40B9: write_images(std::set<istring, std::less<istring>, std::allocator<istring> > const&, CompositeLoader&, bool) (main.cpp:96)
==2030693==    by 0x1B86CA: BuildData::write_data(bool, bool) (main.cpp:169)
==2030693==    by 0x116816: main (main.cpp:326)
==2030693== 
==2030693== Invalid write of size 8
==2030693==    at 0x13D82C: operator= (image.h:33)
==2030693==    by 0x13D82C: _dds::LoadDXT5::decode(int, int, unsigned char const*) (imagedds.cpp:277)
==2030693==    by 0x13DE50: ImageBase<Color::ColorType<unsigned int, 8, 16, 8, 8, 8, 0, 8, 24> > _dds::LoadProxy<_dds::LoadDXT5>(File, _dds::DDS_HEADER const&) (imagedds.cpp:483)
==2030693==    by 0x13C8AD: ImagePrivate::imReadDDS(ImageBase<Color::ColorType<unsigned int, 8, 16, 8, 8, 8, 0, 8, 24> >&, File&) (imagedds.cpp:521)
==2030693==    by 0x137EAF: ImagePrivate::imRead(File, ImageFormat::Type) (image.cpp:92)
==2030693==    by 0x1B40B9: ImageBase (image.h:615)
==2030693==    by 0x1B40B9: write_images(std::set<istring, std::less<istring>, std::allocator<istring> > const&, CompositeLoader&, bool) (main.cpp:96)
==2030693==    by 0x1B86CA: BuildData::write_data(bool, bool) (main.cpp:169)
==2030693==    by 0x116816: main (main.cpp:326)
==2030693==  Address 0x820730c is 76 bytes inside a block of size 80 alloc'd
==2030693==    at 0x4849013: operator new(unsigned long) (in /usr/libexec/valgrind/vgpreload_memcheck-amd64-linux.so)
==2030693==    by 0x18B9AC: allocate (new_allocator.h:127)
==2030693==    by 0x18B9AC: allocate (alloc_traits.h:464)
==2030693==    by 0x18B9AC: _M_get_node (stl_tree.h:561)
==2030693==    by 0x18B9AC: _M_create_node<const std::piecewise_construct_t&, std::tuple<istring&&>, std::tuple<> > (stl_tree.h:611)
==2030693==    by 0x18B9AC: _M_emplace_hint_unique<const std::piecewise_construct_t&, std::tuple<istring&&>, std::tuple<> > (stl_tree.h:2431)
==2030693==    by 0x18B9AC: operator[] (stl_map.h:520)
==2030693==    by 0x18B9AC: CdnLoader::CdnLoader(std::__cxx11::basic_string<char, std::char_traits<char>, std::allocator<char> > const&) (cdnloader.cpp:29)
==2030693==    by 0x1BAE55: construct<CdnLoader, const std::__cxx11::basic_string<char, std::char_traits<char>, std::allocator<char> >&> (new_allocator.h:162)
==2030693==    by 0x1BAE55: construct<CdnLoader, const std::__cxx11::basic_string<char, std::char_traits<char>, std::allocator<char> >&> (alloc_traits.h:516)
==2030693==    by 0x1BAE55: _Sp_counted_ptr_inplace<const std::__cxx11::basic_string<char, std::char_traits<char>, std::allocator<char> >&> (shared_ptr_base.h:519)
==2030693==    by 0x1BAE55: __shared_count<CdnLoader, std::allocator<CdnLoader>, const std::__cxx11::basic_string<char, std::char_traits<char>, std::allocator<char> >&> (shared_ptr_base.h:650)
==2030693==    by 0x1BAE55: __shared_ptr<std::allocator<CdnLoader>, const std::__cxx11::basic_string<char, std::char_traits<char>, std::allocator<char> >&> (shared_ptr_base.h:1342)
==2030693==    by 0x1BAE55: shared_ptr<std::allocator<CdnLoader>, const std::__cxx11::basic_string<char, std::char_traits<char>, std::allocator<char> >&> (shared_ptr.h:409)
==2030693==    by 0x1BAE55: allocate_shared<CdnLoader, std::allocator<CdnLoader>, const std::__cxx11::basic_string<char, std::char_traits<char>, std::allocator<char> >&> (shared_ptr.h:863)
==2030693==    by 0x1BAE55: make_shared<CdnLoader, const std::__cxx11::basic_string<char, std::char_traits<char>, std::allocator<char> >&> (shared_ptr.h:879)
==2030693==    by 0x1BAE55: CdnBuildData::CdnBuildData(std::__cxx11::basic_string<char, std::char_traits<char>, std::allocator<char> > const&) (main.cpp:249)
==2030693==    by 0x116804: main (main.cpp:322)
==2030693== 

valgrind: m_mallocfree.c:303 (get_bszB_as_is): Assertion 'bszB_lo == bszB_hi' failed.
valgrind: Heap block lo/hi size mismatch: lo = 752, hi = 0.
This is probably caused by your program erroneously writing past the
end of a heap block and corrupting heap metadata.  If you fix any
invalid writes reported by Memcheck, this assertion failure will
probably go away.  Please try that before reporting this as a bug.


host stacktrace:
==2030693==    at 0x5804284A: ??? (in /usr/libexec/valgrind/memcheck-amd64-linux)
==2030693==    by 0x58042977: ??? (in /usr/libexec/valgrind/memcheck-amd64-linux)
==2030693==    by 0x58042B1B: ??? (in /usr/libexec/valgrind/memcheck-amd64-linux)
==2030693==    by 0x5804D52A: ??? (in /usr/libexec/valgrind/memcheck-amd64-linux)
==2030693==    by 0x58004B7B: ??? (in /usr/libexec/valgrind/memcheck-amd64-linux)
==2030693==    by 0x5800505E: ??? (in /usr/libexec/valgrind/memcheck-amd64-linux)
==2030693==    by 0x58005254: ??? (in /usr/libexec/valgrind/memcheck-amd64-linux)
==2030693==    by 0x5809B7DC: ??? (in /usr/libexec/valgrind/memcheck-amd64-linux)
==2030693==    by 0x580E3F40: ??? (in /usr/libexec/valgrind/memcheck-amd64-linux)

sched status:
  running_tid=1

Thread 1: status = VgTs_Runnable (lwpid 2030693)
==2030693==    at 0x4849013: operator new(unsigned long) (in /usr/libexec/valgrind/vgpreload_memcheck-amd64-linux.so)
==2030693==    by 0x11E14B: allocate (new_allocator.h:127)
==2030693==    by 0x11E14B: allocate (alloc_traits.h:464)
==2030693==    by 0x11E14B: _M_allocate (stl_vector.h:346)
==2030693==    by 0x11E14B: std::vector<unsigned char, std::allocator<unsigned char> >::_M_default_append(unsigned long) (vector.tcc:635)
==2030693==    by 0x11E1E3: resize (stl_vector.h:940)
==2030693==    by 0x11E1E3: alloc (file.cpp:296)
==2030693==    by 0x11E1E3: MemoryBuffer::write(void const*, unsigned long) (file.cpp:282)
==2030693==    by 0x1425A2: write (file.h:133)
==2030693==    by 0x1425A2: ImagePrivate::_png::write_chunk(unsigned int, unsigned int, void const*, File&) (imagepng.cpp:75)
==2030693==    by 0x144BA4: ImagePrivate::imWritePNG(ImageBase<Color::ColorType<unsigned int, 8, 16, 8, 8, 8, 0, 8, 24> > const&, File&, int) (imagepng.cpp:323)
==2030693==    by 0x1B4A39: write (image.h:626)
==2030693==    by 0x1B4A39: write_images(std::set<istring, std::less<istring>, std::allocator<istring> > const&, CompositeLoader&, bool) (main.cpp:104)
==2030693==    by 0x1B86CA: BuildData::write_data(bool, bool) (main.cpp:169)
==2030693==    by 0x116816: main (main.cpp:326)
client stack range: [0x1FFEFF8000 0x1FFF000FFF] client SP: 0x1FFEFFEB10
valgrind stack range: [0x1003373000 0x1003472FFF] top usage: 18984 of 1048576


Note: see also the FAQ in the source distribution.
It contains workarounds to several common problems.
In particular, if Valgrind aborted or crashed after
identifying problems in your program, there's a good chance
that fixing those problems will prevent Valgrind aborting or
crashing, especially if it happened in m_mallocfree.c.

If that doesn't help, please report this bug to: www.valgrind.org

In the bug report, send all the above text, the valgrind
version, and what OS and version you are using.  Thanks.

